<?xml version="1.0" encoding="UTF-8"?>
<!-- Generated by org.testng.reporters.JUnitXMLReporter -->
<testsuite ignored="0" hostname="Bhausaheb_Kharade" failures="1" tests="9" name="Fc_India_Desktop_Login_Test" time="76.202" errors="0" timestamp="2023-03-29T13:13:27 IST">
  <testcase classname="com.fc.india.web.tests.Fc_India_Desktop_Login_Test" name="invaild_User_Name" time="3.302"/>
  <testcase classname="com.fc.india.web.tests.Fc_India_Desktop_Login_Test" name="validUser_Name" time="10.085"/>
  <testcase classname="com.fc.india.web.tests.Fc_India_Desktop_Login_Test" name="login_with_password" time="0.418"/>
  <testcase classname="com.fc.india.web.tests.Fc_India_Desktop_Login_Test" name="forgot_passwordlink" time="0.487"/>
  <testcase classname="com.fc.india.web.tests.Fc_India_Desktop_Login_Test" name="reset_password_link" time="0.665"/>
  <testcase classname="com.fc.india.web.tests.Fc_India_Desktop_Login_Test" name="invalid_password" time="5.603"/>
  <testcase classname="com.fc.india.web.tests.Fc_India_Desktop_Login_Test" name="Edit_username_link" time="1.123"/>
  <testcase classname="com.fc.india.web.tests.Fc_India_Desktop_Login_Test" name="register_here_link" time="2.322"/>
  <testcase classname="com.fc.india.web.tests.Fc_India_Desktop_Login_Test" name="valid_user_name_and_password" time="17.957">
    <failure type="org.openqa.selenium.ElementNotInteractableException" message="element not interactable: [object HTMLInputElement] has no size and location
  (Session info: chrome=111.0.5563.65)
Build info: version: &amp;apos;4.8.3&amp;apos;, revision: &amp;apos;e5e76298c3&amp;apos;
System info: os.name: &amp;apos;Windows 10&amp;apos;, os.arch: &amp;apos;amd64&amp;apos;, os.version: &amp;apos;10.0&amp;apos;, java.version: &amp;apos;11.0.2&amp;apos;
Driver info: org.openqa.selenium.chrome.ChromeDriver
Command: [70f3d1b70440e99d339e3cb8a8516b14, actions {actions=[org.openqa.selenium.interactions.Sequence@39266403, org.openqa.selenium.interactions.Sequence@74b00247]}]
Capabilities {acceptInsecureCerts: false, browserName: chrome, browserVersion: 111.0.5563.65, chrome: {chromedriverVersion: 111.0.5563.64 (c710e93d5b63..., userDataDir: C:\Program Files (x86)\scop...}, goog:chromeOptions: {debuggerAddress: localhost:64203}, networkConnectionEnabled: false, pageLoadStrategy: normal, platformName: WINDOWS, proxy: Proxy(), se:cdp: ws://localhost:64203/devtoo..., se:cdpVersion: 111.0.5563.65, setWindowRect: true, strictFileInteractability: false, timeouts: {implicit: 0, pageLoad: 300000, script: 30000}, unhandledPromptBehavior: dismiss and notify, webauthn:extension:credBlob: true, webauthn:extension:largeBlob: true, webauthn:extension:minPinLength: true, webauthn:extension:prf: true, webauthn:virtualAuthenticators: true}
Session ID: 70f3d1b70440e99d339e3cb8a8516b14">
      <![CDATA[org.openqa.selenium.ElementNotInteractableException: element not interactable: [object HTMLInputElement] has no size and location
  (Session info: chrome=111.0.5563.65)
Build info: version: '4.8.3', revision: 'e5e76298c3'
System info: os.name: 'Windows 10', os.arch: 'amd64', os.version: '10.0', java.version: '11.0.2'
Driver info: org.openqa.selenium.chrome.ChromeDriver
Command: [70f3d1b70440e99d339e3cb8a8516b14, actions {actions=[org.openqa.selenium.interactions.Sequence@39266403, org.openqa.selenium.interactions.Sequence@74b00247]}]
Capabilities {acceptInsecureCerts: false, browserName: chrome, browserVersion: 111.0.5563.65, chrome: {chromedriverVersion: 111.0.5563.64 (c710e93d5b63..., userDataDir: C:\Program Files (x86)\scop...}, goog:chromeOptions: {debuggerAddress: localhost:64203}, networkConnectionEnabled: false, pageLoadStrategy: normal, platformName: WINDOWS, proxy: Proxy(), se:cdp: ws://localhost:64203/devtoo..., se:cdpVersion: 111.0.5563.65, setWindowRect: true, strictFileInteractability: false, timeouts: {implicit: 0, pageLoad: 300000, script: 30000}, unhandledPromptBehavior: dismiss and notify, webauthn:extension:credBlob: true, webauthn:extension:largeBlob: true, webauthn:extension:minPinLength: true, webauthn:extension:prf: true, webauthn:virtualAuthenticators: true}
Session ID: 70f3d1b70440e99d339e3cb8a8516b14
at org.openqa.selenium.remote.codec.w3c.W3CHttpResponseCodec.createException(W3CHttpResponseCodec.java:200)
at org.openqa.selenium.remote.codec.w3c.W3CHttpResponseCodec.decode(W3CHttpResponseCodec.java:133)
at org.openqa.selenium.remote.codec.w3c.W3CHttpResponseCodec.decode(W3CHttpResponseCodec.java:53)
at org.openqa.selenium.remote.HttpCommandExecutor.execute(HttpCommandExecutor.java:193)
at org.openqa.selenium.remote.service.DriverCommandExecutor.invokeExecute(DriverCommandExecutor.java:183)
at org.openqa.selenium.remote.service.DriverCommandExecutor.execute(DriverCommandExecutor.java:158)
at org.openqa.selenium.remote.RemoteWebDriver.execute(RemoteWebDriver.java:543)
at org.openqa.selenium.remote.RemoteWebDriver.perform(RemoteWebDriver.java:611)
at org.openqa.selenium.interactions.Actions$BuiltAction.perform(Actions.java:567)
at com.fc.india.web.tests.Fc_India_Desktop_Login_Test.valid_user_name_and_password(Fc_India_Desktop_Login_Test.java:516)
at java.base/java.util.ArrayList.forEach(ArrayList.java:1540)
... Removed 31 stack frames]]>
    </failure>
  </testcase> <!-- valid_user_name_and_password -->
</testsuite> <!-- Fc_India_Desktop_Login_Test -->
